2024-03-01 20:01:42,445 [INFO] Activator:178 - 


2024-03-01 20:01:42,448 [INFO] Activator:179 - !SESSION log4j initialized
2024-03-01 20:01:52,477 [INFO] ApplicationProperties:181 - Using Application install path: D:\ST\STM32CubeIDE_1.4.0\STM32CubeIDE\plugins\com.st.stm32cube.common.mx_6.0.0.202007160824
2024-03-01 20:01:52,492 [INFO] DbMcusXml:70 - Set database path to: D:\ST\STM32CubeIDE_1.4.0\STM32CubeIDE\plugins\com.st.stm32cube.common.mx_6.0.0.202007160824\\db\/mcu/
2024-03-01 20:01:52,495 [INFO] DbBoardsPdsc:56 - Set plugin database path to: D:\ST\STM32CubeIDE_1.4.0\STM32CubeIDE\plugins\com.st.stm32cube.common.mx_6.0.0.202007160824\\db\/plugins/boardmanager/
2024-03-01 20:01:52,496 [INFO] DbMcus:258 - Set plugin images path to: D:\ST\STM32CubeIDE_1.4.0\STM32CubeIDE\plugins\com.st.stm32cube.common.mx_6.0.0.202007160824\\db\/plugins/mcufinder/images/
2024-03-01 20:01:52,497 [INFO] DbBoards:264 - Set plugin images path to: D:\ST\STM32CubeIDE_1.4.0\STM32CubeIDE\plugins\com.st.stm32cube.common.mx_6.0.0.202007160824\\db\/plugins/mcufinder/images/
2024-03-01 20:01:52,498 [INFO] DbExamples:326 - Set plugin images path to: D:\ST\STM32CubeIDE_1.4.0\STM32CubeIDE\plugins\com.st.stm32cube.common.mx_6.0.0.202007160824\\db\/plugins/mcufinder/images/
2024-03-01 20:01:52,507 [INFO] DbMcusDocs:112 - Set database path to: C:\Users\abdal\.stmcufinder\plugins\mcufinder//mcu/
2024-03-01 20:01:52,509 [INFO] DbMcusJson:63 - Set database path to: C:\Users\abdal\.stmcufinder\plugins\mcufinder//mcu/
2024-03-01 20:01:52,510 [INFO] DbBoardsDocs:112 - Set database path to: C:\Users\abdal\.stmcufinder\plugins\mcufinder//mcu/
2024-03-01 20:01:52,511 [INFO] DbBoardsJson:56 - Set database path to: C:\Users\abdal\.stmcufinder\plugins\mcufinder//mcu/
2024-03-01 20:01:52,514 [INFO] CrossReferenceDbSqlite:196 - Set database path to: C:\Users\abdal\.stmcufinder\plugins\mcufinder//mcu/cs/
2024-03-01 20:01:52,517 [INFO] DbExamplesSqlite:800 - Set database path to: C:\Users\abdal\.stmcufinder\plugins\mcufinder//mcu/
2024-03-01 20:01:52,622 [INFO] RulesReader:52 - Compatibility file has been processed (209 Rules)
2024-03-01 20:01:52,730 [INFO] MicroXplorer:564 - Detected Java Version = 1.8.0_252
2024-03-01 20:01:52,730 [INFO] DbMcusXml:70 - Set database path to: D:\ST\STM32CubeIDE_1.4.0\STM32CubeIDE\plugins\com.st.stm32cube.common.mx_6.0.0.202007160824\\db\/mcu/
2024-03-01 20:01:52,730 [INFO] DbBoardsPdsc:56 - Set plugin database path to: D:\ST\STM32CubeIDE_1.4.0\STM32CubeIDE\plugins\com.st.stm32cube.common.mx_6.0.0.202007160824\\db\/plugins/boardmanager/
2024-03-01 20:01:52,731 [INFO] DbMcus:258 - Set plugin images path to: D:\ST\STM32CubeIDE_1.4.0\STM32CubeIDE\plugins\com.st.stm32cube.common.mx_6.0.0.202007160824\\db\/plugins/mcufinder/images/
2024-03-01 20:01:52,731 [INFO] DbBoards:264 - Set plugin images path to: D:\ST\STM32CubeIDE_1.4.0\STM32CubeIDE\plugins\com.st.stm32cube.common.mx_6.0.0.202007160824\\db\/plugins/mcufinder/images/
2024-03-01 20:01:52,731 [INFO] DbExamples:326 - Set plugin images path to: D:\ST\STM32CubeIDE_1.4.0\STM32CubeIDE\plugins\com.st.stm32cube.common.mx_6.0.0.202007160824\\db\/plugins/mcufinder/images/
2024-03-01 20:01:52,731 [WARN] DbFile:36 - Overriding database path with different value: C:\Users\abdal\.stmcufinder\plugins\mcufinder/ => C:\Users\abdal\.stmcufinder\plugins\mcufinder
2024-03-01 20:01:52,731 [INFO] DbMcusDocs:112 - Set database path to: C:\Users\abdal\.stmcufinder\plugins\mcufinder//mcu/
2024-03-01 20:01:52,732 [WARN] DbFile:36 - Overriding database path with different value: C:\Users\abdal\.stmcufinder\plugins\mcufinder/ => C:\Users\abdal\.stmcufinder\plugins\mcufinder
2024-03-01 20:01:52,732 [INFO] DbMcusJson:63 - Set database path to: C:\Users\abdal\.stmcufinder\plugins\mcufinder//mcu/
2024-03-01 20:01:52,732 [WARN] DbFile:36 - Overriding database path with different value: C:\Users\abdal\.stmcufinder\plugins\mcufinder/ => C:\Users\abdal\.stmcufinder\plugins\mcufinder
2024-03-01 20:01:52,732 [INFO] DbBoardsDocs:112 - Set database path to: C:\Users\abdal\.stmcufinder\plugins\mcufinder//mcu/
2024-03-01 20:01:52,732 [WARN] DbFile:36 - Overriding database path with different value: C:\Users\abdal\.stmcufinder\plugins\mcufinder/ => C:\Users\abdal\.stmcufinder\plugins\mcufinder
2024-03-01 20:01:52,732 [INFO] DbBoardsJson:56 - Set database path to: C:\Users\abdal\.stmcufinder\plugins\mcufinder//mcu/
2024-03-01 20:01:52,732 [WARN] DbFile:36 - Overriding database path with different value: C:\Users\abdal\.stmcufinder\plugins\mcufinder/ => C:\Users\abdal\.stmcufinder\plugins\mcufinder
2024-03-01 20:01:52,732 [WARN] DbFile:36 - Overriding database path with different value: C:\Users\abdal\.stmcufinder\plugins\mcufinder/ => C:\Users\abdal\.stmcufinder\plugins\mcufinder
2024-03-01 20:01:52,732 [INFO] CrossReferenceDbSqlite:196 - Set database path to: C:\Users\abdal\.stmcufinder\plugins\mcufinder//mcu/cs/
2024-03-01 20:01:52,733 [WARN] DbFile:36 - Overriding database path with different value: C:\Users\abdal\.stmcufinder\plugins\mcufinder/ => C:\Users\abdal\.stmcufinder\plugins\mcufinder
2024-03-01 20:01:52,733 [INFO] DbExamplesSqlite:800 - Set database path to: C:\Users\abdal\.stmcufinder\plugins\mcufinder//mcu/
2024-03-01 20:01:52,853 [INFO] MainPanel:189 - HeapMemory: 268435456
2024-03-01 20:01:52,952 [INFO] DbMcusXml:70 - Set database path to: D:\ST\STM32CubeIDE_1.4.0\STM32CubeIDE\plugins\com.st.stm32cube.common.mx_6.0.0.202007160824\\db\/mcu/
2024-03-01 20:01:52,952 [INFO] DbBoardsPdsc:56 - Set plugin database path to: D:\ST\STM32CubeIDE_1.4.0\STM32CubeIDE\plugins\com.st.stm32cube.common.mx_6.0.0.202007160824\\db\/plugins/boardmanager/
2024-03-01 20:01:52,952 [INFO] DbMcus:258 - Set plugin images path to: D:\ST\STM32CubeIDE_1.4.0\STM32CubeIDE\plugins\com.st.stm32cube.common.mx_6.0.0.202007160824\\db\/plugins/mcufinder/images/
2024-03-01 20:01:52,952 [INFO] DbBoards:264 - Set plugin images path to: D:\ST\STM32CubeIDE_1.4.0\STM32CubeIDE\plugins\com.st.stm32cube.common.mx_6.0.0.202007160824\\db\/plugins/mcufinder/images/
2024-03-01 20:01:52,952 [INFO] DbExamples:326 - Set plugin images path to: D:\ST\STM32CubeIDE_1.4.0\STM32CubeIDE\plugins\com.st.stm32cube.common.mx_6.0.0.202007160824\\db\/plugins/mcufinder/images/
2024-03-01 20:01:52,953 [WARN] DbFile:36 - Overriding database path with different value: C:\Users\abdal\.stmcufinder\plugins\mcufinder/ => C:\Users\abdal\.stmcufinder\plugins\mcufinder
2024-03-01 20:01:52,953 [INFO] DbMcusDocs:112 - Set database path to: C:\Users\abdal\.stmcufinder\plugins\mcufinder//mcu/
2024-03-01 20:01:52,953 [WARN] DbFile:36 - Overriding database path with different value: C:\Users\abdal\.stmcufinder\plugins\mcufinder/ => C:\Users\abdal\.stmcufinder\plugins\mcufinder
2024-03-01 20:01:52,953 [INFO] DbMcusJson:63 - Set database path to: C:\Users\abdal\.stmcufinder\plugins\mcufinder//mcu/
2024-03-01 20:01:52,953 [WARN] DbFile:36 - Overriding database path with different value: C:\Users\abdal\.stmcufinder\plugins\mcufinder/ => C:\Users\abdal\.stmcufinder\plugins\mcufinder
2024-03-01 20:01:52,954 [INFO] DbBoardsDocs:112 - Set database path to: C:\Users\abdal\.stmcufinder\plugins\mcufinder//mcu/
2024-03-01 20:01:52,954 [WARN] DbFile:36 - Overriding database path with different value: C:\Users\abdal\.stmcufinder\plugins\mcufinder/ => C:\Users\abdal\.stmcufinder\plugins\mcufinder
2024-03-01 20:01:52,954 [INFO] DbBoardsJson:56 - Set database path to: C:\Users\abdal\.stmcufinder\plugins\mcufinder//mcu/
2024-03-01 20:01:52,954 [WARN] DbFile:36 - Overriding database path with different value: C:\Users\abdal\.stmcufinder\plugins\mcufinder/ => C:\Users\abdal\.stmcufinder\plugins\mcufinder
2024-03-01 20:01:52,954 [WARN] DbFile:36 - Overriding database path with different value: C:\Users\abdal\.stmcufinder\plugins\mcufinder/ => C:\Users\abdal\.stmcufinder\plugins\mcufinder
2024-03-01 20:01:52,954 [INFO] CrossReferenceDbSqlite:196 - Set database path to: C:\Users\abdal\.stmcufinder\plugins\mcufinder//mcu/cs/
2024-03-01 20:01:52,954 [WARN] DbFile:36 - Overriding database path with different value: C:\Users\abdal\.stmcufinder\plugins\mcufinder/ => C:\Users\abdal\.stmcufinder\plugins\mcufinder
2024-03-01 20:01:52,954 [INFO] DbExamplesSqlite:800 - Set database path to: C:\Users\abdal\.stmcufinder\plugins\mcufinder//mcu/
2024-03-01 20:01:52,975 [INFO] ApplicationProperties:181 - Using Application install path: D:\ST\STM32CubeIDE_1.4.0\STM32CubeIDE\plugins\com.st.stm32cube.common.mx_6.0.0.202007160824
2024-03-01 20:01:52,977 [INFO] PluginManage:178 - Search for loadable plugins [exclusion list=, ]
2024-03-01 20:01:52,979 [INFO] PluginManage:292 - Check plugin analytics
2024-03-01 20:01:53,120 [INFO] AnalyticsPlugin:203 - Accepted Software Licenses: 
2024-03-01 20:01:53,121 [INFO] AnalyticsPlugin:205 - Accepted CMSIS Pack Licenses: 
2024-03-01 20:01:53,121 [INFO] AnalyticsPlugin:207 - Accepted Firmware Licenses: 
2024-03-01 20:01:53,122 [INFO] PluginManage:342 - Loaded plugin analytics (category:tool,tabindex:-1)
2024-03-01 20:01:53,122 [INFO] PluginManage:292 - Check plugin clock
2024-03-01 20:01:53,143 [INFO] PluginManage:342 - Loaded plugin clock (category:base,tabindex:2)
2024-03-01 20:01:53,143 [INFO] PluginManage:292 - Check plugin ddr
2024-03-01 20:01:53,146 [INFO] PluginManage:342 - Loaded plugin ddr (category:tool,tabindex:6)
2024-03-01 20:01:53,146 [INFO] PluginManage:292 - Check plugin filemanager
2024-03-01 20:01:53,263 [INFO] PluginManage:342 - Loaded plugin filemanager (category:base,tabindex:10)
2024-03-01 20:01:53,263 [INFO] PluginManage:292 - Check plugin ipmanager
2024-03-01 20:01:53,275 [INFO] PluginManage:342 - Loaded plugin ipmanager (category:base,tabindex:5)
2024-03-01 20:01:53,275 [INFO] PluginManage:292 - Check plugin pinoutandconfiguration
2024-03-01 20:01:53,294 [INFO] PluginManage:342 - Loaded plugin pinoutandconfiguration (category:base,tabindex:1)
2024-03-01 20:01:53,294 [INFO] PluginManage:292 - Check plugin pinoutconfig
2024-03-01 20:01:53,332 [INFO] PluginManage:342 - Loaded plugin pinoutconfig (category:base,tabindex:0)
2024-03-01 20:01:53,332 [INFO] PluginManage:292 - Check plugin power
2024-03-01 20:01:53,350 [INFO] PluginManage:342 - Loaded plugin power (category:power,tabindex:4)
2024-03-01 20:01:53,350 [INFO] PluginManage:292 - Check plugin projectmanager
2024-03-01 20:01:53,364 [INFO] PluginManage:342 - Loaded plugin projectmanager (category:projectmanager,tabindex:3)
2024-03-01 20:01:53,364 [INFO] PluginManage:292 - Check plugin thirdparty
2024-03-01 20:01:53,504 [INFO] ThirdPartyDb:333 - Open Third Party DataBase File (C:/Users/abdal/.stm32cubemx/plugins/thirdparty/db/thirdparties_db.xml) : 52 ms. number of Sw pack : 43
2024-03-01 20:01:53,508 [INFO] PluginManage:342 - Loaded plugin thirdparty (category:base,tabindex:-1)
2024-03-01 20:01:53,508 [INFO] PluginManage:292 - Check plugin tools
2024-03-01 20:01:53,568 [INFO] PluginManage:342 - Loaded plugin tools (category:base,tabindex:7)
2024-03-01 20:01:53,568 [INFO] PluginManage:292 - Check plugin tutovideos
2024-03-01 20:01:53,784 [INFO] PluginManage:342 - Loaded plugin tutovideos (category:base,tabindex:-1)
2024-03-01 20:01:53,784 [INFO] PluginManage:292 - Check plugin updater
2024-03-01 20:01:53,796 [INFO] PluginManage:342 - Loaded plugin updater (category:base,tabindex:12)
2024-03-01 20:01:53,797 [INFO] PluginManage:265 - PluginManage : Loaded plugins [13]
2024-03-01 20:01:54,006 [INFO] PinOutPanel:1418 - setPackage(No Configuration,No Configuration)
2024-03-01 20:01:54,106 [INFO] IPUIPlugin:64 - create IPUIPlugin
2024-03-01 20:01:54,106 [INFO] PluginManager:200 - loadIPPluginJar : add adc
2024-03-01 20:01:54,143 [INFO] IPUIPlugin:64 - create IPUIPlugin
2024-03-01 20:01:54,144 [INFO] PluginManager:200 - loadIPPluginJar : add aes
2024-03-01 20:01:54,187 [INFO] IPUIPlugin:64 - create IPUIPlugin
2024-03-01 20:01:54,187 [INFO] PluginManager:200 - loadIPPluginJar : add can
2024-03-01 20:01:54,217 [INFO] IPUIPlugin:64 - create IPUIPlugin
2024-03-01 20:01:54,217 [INFO] PluginManager:200 - loadIPPluginJar : add comp
2024-03-01 20:01:54,251 [INFO] IPUIPlugin:64 - create IPUIPlugin
2024-03-01 20:01:54,252 [INFO] PluginManager:200 - loadIPPluginJar : add cryp
2024-03-01 20:01:54,288 [INFO] IPUIPlugin:64 - create IPUIPlugin
2024-03-01 20:01:54,289 [INFO] PluginManager:200 - loadIPPluginJar : add dfsdm
2024-03-01 20:01:54,301 [INFO] IPUIPlugin:64 - create IPUIPlugin
2024-03-01 20:01:54,303 [INFO] PluginManager:200 - loadIPPluginJar : add dma
2024-03-01 20:01:54,328 [INFO] IPUIPlugin:64 - create IPUIPlugin
2024-03-01 20:01:54,328 [INFO] PluginManager:200 - loadIPPluginJar : add fatfs
2024-03-01 20:01:54,386 [INFO] IPUIPlugin:64 - create IPUIPlugin
2024-03-01 20:01:54,386 [INFO] PluginManager:200 - loadIPPluginJar : add fmc
2024-03-01 20:01:54,402 [INFO] IPUIPlugin:64 - create IPUIPlugin
2024-03-01 20:01:54,403 [INFO] PluginManager:200 - loadIPPluginJar : add freertos
2024-03-01 20:01:54,429 [INFO] IPUIPlugin:64 - create IPUIPlugin
2024-03-01 20:01:54,429 [INFO] PluginManager:200 - loadIPPluginJar : add genericplugin
2024-03-01 20:01:54,522 [INFO] IPUIPlugin:64 - create IPUIPlugin
2024-03-01 20:01:54,522 [INFO] PluginManager:200 - loadIPPluginJar : add gfxmmu
2024-03-01 20:01:54,646 [INFO] IPUIPlugin:64 - create IPUIPlugin
2024-03-01 20:01:54,646 [INFO] PluginManager:200 - loadIPPluginJar : add gic
2024-03-01 20:01:54,659 [INFO] IPUIPlugin:64 - create IPUIPlugin
2024-03-01 20:01:54,659 [INFO] PluginManager:200 - loadIPPluginJar : add gpio
2024-03-01 20:01:54,726 [INFO] IPUIPlugin:64 - create IPUIPlugin
2024-03-01 20:01:54,726 [INFO] PluginManager:200 - loadIPPluginJar : add gtzc
2024-03-01 20:01:54,765 [INFO] IPUIPlugin:64 - create IPUIPlugin
2024-03-01 20:01:54,766 [INFO] PluginManager:200 - loadIPPluginJar : add hash
2024-03-01 20:01:54,821 [INFO] IPUIPlugin:64 - create IPUIPlugin
2024-03-01 20:01:54,821 [INFO] PluginManager:200 - loadIPPluginJar : add i2c
2024-03-01 20:01:54,865 [INFO] IPUIPlugin:64 - create IPUIPlugin
2024-03-01 20:01:54,865 [INFO] PluginManager:200 - loadIPPluginJar : add i2s
2024-03-01 20:01:54,877 [INFO] IPUIPlugin:64 - create IPUIPlugin
2024-03-01 20:01:54,877 [INFO] PluginManager:200 - loadIPPluginJar : add ipddr
2024-03-01 20:01:54,917 [INFO] IPUIPlugin:64 - create IPUIPlugin
2024-03-01 20:01:54,918 [INFO] PluginManager:200 - loadIPPluginJar : add ltdc
2024-03-01 20:01:54,929 [INFO] IPUIPlugin:64 - create IPUIPlugin
2024-03-01 20:01:54,930 [INFO] PluginManager:200 - loadIPPluginJar : add mdma
2024-03-01 20:01:54,942 [INFO] IPUIPlugin:64 - create IPUIPlugin
2024-03-01 20:01:54,942 [INFO] PluginManager:200 - loadIPPluginJar : add nvic
2024-03-01 20:01:54,984 [INFO] IPUIPlugin:64 - create IPUIPlugin
2024-03-01 20:01:54,984 [INFO] PluginManager:200 - loadIPPluginJar : add opamp
2024-03-01 20:01:55,048 [INFO] IPUIPlugin:64 - create IPUIPlugin
2024-03-01 20:01:55,048 [INFO] PluginManager:200 - loadIPPluginJar : add openamp
2024-03-01 20:01:55,098 [INFO] IPUIPlugin:64 - create IPUIPlugin
2024-03-01 20:01:55,098 [INFO] PluginManager:200 - loadIPPluginJar : add pdm2pcm
2024-03-01 20:01:55,113 [INFO] IPUIPlugin:64 - create IPUIPlugin
2024-03-01 20:01:55,116 [INFO] PluginManager:200 - loadIPPluginJar : add plateformsettings
2024-03-01 20:01:55,145 [INFO] IPUIPlugin:64 - create IPUIPlugin
2024-03-01 20:01:55,145 [INFO] PluginManager:200 - loadIPPluginJar : add quadspi
2024-03-01 20:01:55,158 [INFO] IPUIPlugin:64 - create IPUIPlugin
2024-03-01 20:01:55,158 [INFO] PluginManager:200 - loadIPPluginJar : add resmgrutility
2024-03-01 20:01:55,214 [INFO] IPUIPlugin:64 - create IPUIPlugin
2024-03-01 20:01:55,215 [INFO] PluginManager:200 - loadIPPluginJar : add sai
2024-03-01 20:01:55,255 [INFO] IPUIPlugin:64 - create IPUIPlugin
2024-03-01 20:01:55,256 [INFO] PluginManager:200 - loadIPPluginJar : add spi
2024-03-01 20:01:55,309 [INFO] IPUIPlugin:64 - create IPUIPlugin
2024-03-01 20:01:55,309 [INFO] PluginManager:200 - loadIPPluginJar : add stm32_wpan
2024-03-01 20:01:55,339 [INFO] IPUIPlugin:64 - create IPUIPlugin
2024-03-01 20:01:55,339 [INFO] PluginManager:200 - loadIPPluginJar : add tim
2024-03-01 20:01:55,403 [INFO] IPUIPlugin:64 - create IPUIPlugin
2024-03-01 20:01:55,403 [INFO] PluginManager:200 - loadIPPluginJar : add touchsensing
2024-03-01 20:01:55,432 [INFO] IPUIPlugin:64 - create IPUIPlugin
2024-03-01 20:01:55,433 [INFO] PluginManager:200 - loadIPPluginJar : add tracer_emb
2024-03-01 20:01:55,463 [INFO] IPUIPlugin:64 - create IPUIPlugin
2024-03-01 20:01:55,464 [INFO] PluginManager:200 - loadIPPluginJar : add ts
2024-03-01 20:01:55,494 [INFO] IPUIPlugin:64 - create IPUIPlugin
2024-03-01 20:01:55,495 [INFO] PluginManager:200 - loadIPPluginJar : add tsc
2024-03-01 20:01:55,523 [INFO] IPUIPlugin:64 - create IPUIPlugin
2024-03-01 20:01:55,523 [INFO] PluginManager:200 - loadIPPluginJar : add ucpd
2024-03-01 20:01:55,572 [INFO] IPUIPlugin:64 - create IPUIPlugin
2024-03-01 20:01:55,573 [INFO] PluginManager:200 - loadIPPluginJar : add usart
2024-03-01 20:01:56,196 [INFO] CubeProgrammer:457 - [DDR PANEL] - PathOfProgrammer: null
2024-03-01 20:01:56,849 [FATAL] Updater:282 - Updater called before beeing initialized
2024-03-01 20:01:57,043 [FATAL] Updater:282 - Updater called before beeing initialized
2024-03-01 20:01:57,043 [WARN] ThirdParty:775 - waiting for thirdparty lock release [close project]
2024-03-01 20:01:57,044 [INFO] ThirdParty:777 - entering critical section [close project]
2024-03-01 20:01:57,044 [INFO] ThirdParty:790 - exiting critical section [close project]
2024-03-01 20:01:57,047 [INFO] PinOutPanel:1418 - setPackage(No Configuration,No Configuration)
2024-03-01 20:01:57,047 [FATAL] Updater:282 - Updater called before beeing initialized
2024-03-01 20:01:57,058 [ERROR] Updater:967 - MainUpdater not yet initialized. External WinMGr cannot be set.
2024-03-01 20:01:57,059 [INFO] CubeProgrammer:457 - [DDR PANEL] - PathOfProgrammer: D:\ST\STM32CubeIDE_1.4.0\STM32CubeIDE\plugins\com.st.stm32cube.ide.mcu.externaltools.cubeprogrammer.win32_1.4.0.202007081208\tools\bin
2024-03-01 20:01:57,063 [INFO] ProgrammerExecThread:148 - [ProgrammerAPI] CubeProgrammer command construction: D:\ST\STM32CubeIDE_1.4.0\STM32CubeIDE\plugins\com.st.stm32cube.ide.mcu.externaltools.cubeprogrammer.win32_1.4.0.202007081208\tools\bin\STM32_Programmer_CLI.exe -l
2024-03-01 20:01:57,383 [INFO] MainDdrPanel:49 - [DDR PANEL] SETTER - Set cubeProgrammerPath to: D:\ST\STM32CubeIDE_1.4.0\STM32CubeIDE\plugins\com.st.stm32cube.ide.mcu.externaltools.cubeprogrammer.win32_1.4.0.202007081208\tools\bin
2024-03-01 20:01:57,493 [INFO] Updater:904 - Updater Version found : 6.0.0
2024-03-01 20:01:57,512 [INFO] ApplicationProperties:181 - Using Application install path: D:\ST\STM32CubeIDE_1.4.0\STM32CubeIDE\plugins\com.st.stm32cube.common.mx_6.0.0.202007160824
2024-03-01 20:01:58,100 [INFO] MainUpdater:2268 - connection check result : 10
2024-03-01 20:01:58,101 [INFO] MainUpdater:2935 - Updater definition file requires update
2024-03-01 20:01:58,101 [INFO] MainUpdater:239 - Updater Check For Update Now.
2024-03-01 20:01:58,102 [INFO] MicroXplorer:414 - Change Database Version : DB.6.0.0
2024-03-01 20:01:58,582 [INFO] ServerAccessManage:348 - Download File updaters.zip
2024-03-01 20:01:58,809 [INFO] FileExtend:225 - Unzip File : updaters.zip
2024-03-01 20:01:58,809 [INFO] FileExtend:240 - Standard Zip Deflate
2024-03-01 20:01:59,536 [WARN] IntegrityCheckThread:61 - waiting for thirdparty lock release [integrity check]
2024-03-01 20:01:59,536 [INFO] IntegrityCheckThread:63 - entering critical section [integrity check]
2024-03-01 20:01:59,537 [WARN] MainUpdater:1087 - Updater busy. Cannot search thirdparties
2024-03-01 20:02:00,038 [INFO] ServerAccessManage:348 - Download File PacksControlFlags.xml
2024-03-01 20:02:00,550 [INFO] ServerAccessManage:348 - Download File cubemx.pidx
2024-03-01 20:02:02,549 [WARN] MainUpdater:1087 - Updater busy. Cannot search thirdparties
2024-03-01 20:02:03,679 [INFO] ServerAccessManage:348 - Download File STMicroelectronics.FP-SNS-MOTENVWB1.pdsc
2024-03-01 20:02:04,852 [INFO] ServerAccessManage:348 - Download File STMicroelectronics.FP-SNS-SMARTAG2.pdsc
2024-03-01 20:02:05,563 [WARN] MainUpdater:1087 - Updater busy. Cannot search thirdparties
2024-03-01 20:02:05,783 [INFO] ServerAccessManage:348 - Download File STMicroelectronics.X-CUBE-BLEMGR.pdsc
2024-03-01 20:02:08,569 [WARN] MainUpdater:1087 - Updater busy. Cannot search thirdparties
2024-03-01 20:02:09,001 [INFO] MainUpdater:2268 - connection check result : 10
2024-03-01 20:02:09,590 [INFO] ServerAccessManage:348 - Download File STMicroelectronics.X-CUBE-EEPRMA1.pdsc
2024-03-01 20:02:10,793 [ERROR] ServerAccessManage:947 - Problem, file not found on Server
2024-03-01 20:02:11,574 [WARN] MainUpdater:1087 - Updater busy. Cannot search thirdparties
2024-03-01 20:02:12,302 [ERROR] ServerAccessManage:947 - Problem, file not found on Server
2024-03-01 20:02:14,145 [INFO] ServerAccessManage:348 - Download File STMicroelectronics.X-CUBE-FREERTOS.pdsc
2024-03-01 20:02:14,580 [WARN] MainUpdater:1087 - Updater busy. Cannot search thirdparties
2024-03-01 20:02:15,978 [INFO] ServerAccessManage:348 - Download File STMicroelectronics.X-CUBE-ISPU.pdsc
2024-03-01 20:02:17,590 [WARN] MainUpdater:1087 - Updater busy. Cannot search thirdparties
2024-03-01 20:02:17,828 [INFO] ServerAccessManage:348 - Download File STMicroelectronics.X-CUBE-MEMS1.pdsc
2024-03-01 20:02:20,165 [INFO] McuFinderGlobals:40 - Set McuFinder mode to 2 (CubeIDE integrated)
2024-03-01 20:02:20,404 [INFO] CrossSelectorPresenter:1330 - Cross Selector saved comparison directory: C:\Users\abdal\.stmcufinder\plugins\mcufinder\mcu\cs_comparisons_mx
2024-03-01 20:02:20,411 [INFO] MultiScanPanel:193 - Auto-refresh data requested => check proxy status ongoing
2024-03-01 20:02:20,414 [INFO] FinderPluginLoader:87 - Searching for filters in installed packs
2024-03-01 20:02:20,415 [INFO] DbMcusXml:100 - Load MCU database from D:\ST\STM32CubeIDE_1.4.0\STM32CubeIDE\plugins\com.st.stm32cube.common.mx_6.0.0.202007160824\\db\/mcu/families.xml
2024-03-01 20:02:20,595 [WARN] MainUpdater:1087 - Updater busy. Cannot search thirdparties
2024-03-01 20:02:20,964 [INFO] DbMcusJson:92 - JSON generation date=Tue Nov 16 18:17:54 EET 2021 (1637079474)
2024-03-01 20:02:21,599 [INFO] DbMcus:175 - Found 1761 MCUs (1722 are supported by CubeMX, 1911 are visible in CubeMX)
2024-03-01 20:02:21,600 [INFO] ApiDb:201 - Load user favorites file C:\Users\abdal/.stm32cubeide/favorites.mcus.txt: 0 item(s)
2024-03-01 20:02:21,600 [INFO] ApiDb:205 - User favorites MCUs=[]
2024-03-01 20:02:21,600 [INFO] DbMcus:187 - Set 0 / 0 favorites MCUs
2024-03-01 20:02:22,027 [ERROR] WebUtils:355 - Updater is busy
2024-03-01 20:02:22,027 [WARN] DetailPanel:334 - Failed to get advertising image, set to default
2024-03-01 20:02:22,274 [ERROR] WebUtils:615 - Updater is busy
2024-03-01 20:02:22,274 [ERROR] WebUtils:615 - Updater is busy
2024-03-01 20:02:22,274 [ERROR] WebUtils:615 - Updater is busy
2024-03-01 20:02:22,274 [ERROR] WebUtils:615 - Updater is busy
2024-03-01 20:02:22,275 [ERROR] WebUtils:615 - Updater is busy
2024-03-01 20:02:22,285 [ERROR] WebUtils:615 - Updater is busy
2024-03-01 20:02:22,286 [ERROR] WebUtils:615 - Updater is busy
2024-03-01 20:02:22,287 [ERROR] DbUtils:114 - File not found: C:\Users\abdal\.stmcufinder\plugins\mcufinder//mcu/mcusDocs.json._tmp_
2024-03-01 20:02:22,287 [WARN] DbUtils:163 - success is not a boolean!
2024-03-01 20:02:22,287 [ERROR] DbMcusDocs:83 - No MCUs documents found !
2024-03-01 20:02:22,288 [ERROR] DbFile:108 - Temporary file not found: C:\Users\abdal\.stmcufinder\plugins\mcufinder\mcu\mcusDocs.json._tmp_
2024-03-01 20:02:22,302 [INFO] DbMcusDocs:145 - JSON generation date=Tue Nov 16 18:17:54 EET 2021 (1637079474)
2024-03-01 20:02:22,672 [INFO] DbMcusDocs:81 - Found 682 MCUs documents
2024-03-01 20:02:22,673 [INFO] ApiDb:226 - Save user favorites file C:\Users\abdal/.stm32cubeide/favorites.mcus.txt: 0 item(s)
2024-03-01 20:02:22,674 [INFO] ApiDb:230 - User favorites MCUs=[]
2024-03-01 20:02:22,674 [INFO] DbMcusXml:100 - Load MCU database from D:\ST\STM32CubeIDE_1.4.0\STM32CubeIDE\plugins\com.st.stm32cube.common.mx_6.0.0.202007160824\\db\/mcu/families.xml
2024-03-01 20:02:22,777 [ERROR] DbUtils:114 - File not found: C:\Users\abdal\.stmcufinder\plugins\mcufinder//mcu/mcusFeaturesAndDescription.json._tmp_
2024-03-01 20:02:22,777 [WARN] DbUtils:163 - success is not a boolean!
2024-03-01 20:02:22,777 [ERROR] DbFile:108 - Temporary file not found: C:\Users\abdal\.stmcufinder\plugins\mcufinder\mcu\mcusFeaturesAndDescription.json._tmp_
2024-03-01 20:02:22,780 [INFO] DbMcus:175 - Found 1761 MCUs (1722 are supported by CubeMX, 1722 are visible in CubeMX)
2024-03-01 20:02:22,781 [INFO] ApiDb:201 - Load user favorites file C:\Users\abdal/.stm32cubeide/favorites.mcus.txt: 0 item(s)
2024-03-01 20:02:22,781 [INFO] ApiDb:205 - User favorites MCUs=[]
2024-03-01 20:02:22,781 [INFO] DbMcus:187 - Set 0 / 0 favorites MCUs
2024-03-01 20:02:22,831 [INFO] McuFilterPanel:245 - Update 0 favorites MCUs
2024-03-01 20:02:23,038 [ERROR] DbUtils:114 - File not found: C:\Users\abdal\.stmcufinder\plugins\mcufinder//mcu/boardsDocs.json._tmp_
2024-03-01 20:02:23,038 [WARN] DbUtils:163 - success is not a boolean!
2024-03-01 20:02:23,038 [ERROR] DbBoardsDocs:83 - No boards documents found !
2024-03-01 20:02:23,038 [ERROR] DbFile:108 - Temporary file not found: C:\Users\abdal\.stmcufinder\plugins\mcufinder\mcu\boardsDocs.json._tmp_
2024-03-01 20:02:23,051 [INFO] DbBoardsDocs:145 - JSON generation date=Tue Nov 16 18:17:54 EET 2021 (1637079474)
2024-03-01 20:02:23,070 [INFO] DbBoardsPdsc:94 - Found 23 items
2024-03-01 20:02:23,081 [INFO] DbBoardsPdsc:94 - Found 9 items
2024-03-01 20:02:23,094 [INFO] DbBoardsPdsc:94 - Found 29 items
2024-03-01 20:02:23,105 [INFO] DbBoardsPdsc:94 - Found 1 items
2024-03-01 20:02:23,119 [INFO] DbBoardsPdsc:94 - Found 44 items
2024-03-01 20:02:23,134 [INFO] DbBoardsPdsc:94 - Found 40 items
2024-03-01 20:02:23,145 [INFO] DbBoardsPdsc:94 - Found 2 items
2024-03-01 20:02:23,155 [INFO] DbBoardsPdsc:94 - Found 4 items
2024-03-01 20:02:23,162 [WARN] DbBoardsPdsc:258 - Board STM32H7B3I-DK: unknown feature type=Audio, name=, username=Audio stereo codec with Headphone Amp (CS42L51-CNZ), n=1
2024-03-01 20:02:23,163 [WARN] DbBoardsPdsc:258 - Board STM32H735G-DK: unknown feature type=Audio, name=, username=Audio stereo codec with Headphone Amp (WM8994ECS/R), n=1
2024-03-01 20:02:23,164 [WARN] DbBoardsPdsc:258 - Board STM32H7B3I-EVAL: unknown feature type=Audio, name=, username=Multi-Channel Audio Codec (CS42L51-CNZ), n=1
2024-03-01 20:02:23,165 [WARN] DbBoardsPdsc:258 - Board STM32H7B3I-EVAL: unknown feature type=Meter, name=, username=Power-metering and Temperature-monitoring with sigma-delta modulators, n=1
2024-03-01 20:02:23,165 [WARN] DbBoardsPdsc:258 - Board STM32H7B3I-EVAL: unknown feature type=Motor, name=, username=Motor Control, n=1
2024-03-01 20:02:23,166 [ERROR] DbUtils:114 - File not found: C:\Users\abdal\.stmcufinder\plugins\mcufinder//mcu/boards.json._tmp_
2024-03-01 20:02:23,166 [WARN] DbUtils:163 - success is not a boolean!
2024-03-01 20:02:23,166 [ERROR] DbFile:108 - Temporary file not found: C:\Users\abdal\.stmcufinder\plugins\mcufinder\mcu\boards.json._tmp_
2024-03-01 20:02:23,167 [INFO] DbBoards:117 - Found 152 boards (149 are supported by CubeMX)
2024-03-01 20:02:23,168 [INFO] DbBoardsDocs:145 - JSON generation date=Tue Nov 16 18:17:54 EET 2021 (1637079474)
2024-03-01 20:02:23,171 [ERROR] DbBoardsDocs:83 - No boards documents found !
2024-03-01 20:02:23,172 [INFO] DbBoardsDocs:145 - JSON generation date=Tue Nov 16 18:17:54 EET 2021 (1637079474)
2024-03-01 20:02:23,173 [ERROR] DbBoardsDocs:83 - No boards documents found !
2024-03-01 20:02:23,174 [WARN] DbBoards:127 - board B-G474E-DPOW1 has no document id list !
2024-03-01 20:02:23,174 [WARN] DbBoards:127 - board B-L072Z-LRWAN1 has no document id list !
2024-03-01 20:02:23,174 [WARN] DbBoards:127 - board B-L462E-CELL1 has no document id list !
2024-03-01 20:02:23,174 [WARN] DbBoards:127 - board B-L475E-IOT01A1 has no document id list !
2024-03-01 20:02:23,174 [WARN] DbBoards:127 - board B-L475E-IOT01A2 has no document id list !
2024-03-01 20:02:23,174 [WARN] DbBoards:127 - board B-L4S5I-IOT01A has no document id list !
2024-03-01 20:02:23,174 [WARN] DbBoards:127 - board NUCLEO-F030R8 has no document id list !
2024-03-01 20:02:23,174 [WARN] DbBoards:127 - board NUCLEO-F031K6 has no document id list !
2024-03-01 20:02:23,174 [WARN] DbBoards:127 - board NUCLEO-F042K6 has no document id list !
2024-03-01 20:02:23,174 [WARN] DbBoards:127 - board NUCLEO-F070RB has no document id list !
2024-03-01 20:02:23,174 [WARN] DbBoards:127 - board NUCLEO-F072RB has no document id list !
2024-03-01 20:02:23,174 [WARN] DbBoards:127 - board NUCLEO-F091RC has no document id list !
2024-03-01 20:02:23,174 [WARN] DbBoards:127 - board NUCLEO-F103RB has no document id list !
2024-03-01 20:02:23,174 [WARN] DbBoards:127 - board NUCLEO-F207ZG has no document id list !
2024-03-01 20:02:23,174 [WARN] DbBoards:127 - board NUCLEO-F302R8 has no document id list !
2024-03-01 20:02:23,175 [WARN] DbBoards:127 - board NUCLEO-F303K8 has no document id list !
2024-03-01 20:02:23,175 [WARN] DbBoards:127 - board NUCLEO-F303RE has no document id list !
2024-03-01 20:02:23,175 [WARN] DbBoards:127 - board NUCLEO-F303ZE has no document id list !
2024-03-01 20:02:23,175 [WARN] DbBoards:127 - board NUCLEO-F334R8 has no document id list !
2024-03-01 20:02:23,175 [WARN] DbBoards:127 - board NUCLEO-F401RE has no document id list !
2024-03-01 20:02:23,175 [WARN] DbBoards:127 - board NUCLEO-F410RB has no document id list !
2024-03-01 20:02:23,175 [WARN] DbBoards:127 - board NUCLEO-F411RE has no document id list !
2024-03-01 20:02:23,175 [WARN] DbBoards:127 - board NUCLEO-F412ZG has no document id list !
2024-03-01 20:02:23,175 [WARN] DbBoards:127 - board NUCLEO-F413ZH has no document id list !
2024-03-01 20:02:23,175 [WARN] DbBoards:127 - board NUCLEO-F429ZI has no document id list !
2024-03-01 20:02:23,175 [WARN] DbBoards:127 - board NUCLEO-F439ZI has no document id list !
2024-03-01 20:02:23,175 [WARN] DbBoards:127 - board NUCLEO-F446RE has no document id list !
2024-03-01 20:02:23,175 [WARN] DbBoards:127 - board NUCLEO-F446ZE has no document id list !
2024-03-01 20:02:23,175 [WARN] DbBoards:127 - board NUCLEO-F722ZE has no document id list !
2024-03-01 20:02:23,175 [WARN] DbBoards:127 - board NUCLEO-F746ZG has no document id list !
2024-03-01 20:02:23,175 [WARN] DbBoards:127 - board NUCLEO-F767ZI has no document id list !
2024-03-01 20:02:23,175 [WARN] DbBoards:127 - board NUCLEO-G031K8 has no document id list !
2024-03-01 20:02:23,176 [WARN] DbBoards:127 - board NUCLEO-G070RB has no document id list !
2024-03-01 20:02:23,176 [WARN] DbBoards:127 - board NUCLEO-G071RB has no document id list !
2024-03-01 20:02:23,176 [WARN] DbBoards:127 - board NUCLEO-G431KB has no document id list !
2024-03-01 20:02:23,176 [WARN] DbBoards:127 - board NUCLEO-G431RB has no document id list !
2024-03-01 20:02:23,176 [WARN] DbBoards:127 - board NUCLEO-G474RE has no document id list !
2024-03-01 20:02:23,176 [WARN] DbBoards:127 - board NUCLEO-G491RE has no document id list !
2024-03-01 20:02:23,176 [WARN] DbBoards:127 - board NUCLEO-H723ZG has no document id list !
2024-03-01 20:02:23,176 [WARN] DbBoards:127 - board NUCLEO-H743ZI has no document id list !
2024-03-01 20:02:23,176 [WARN] DbBoards:127 - board NUCLEO-H743ZI2 has no document id list !
2024-03-01 20:02:23,176 [WARN] DbBoards:127 - board NUCLEO-H745ZI-Q has no document id list !
2024-03-01 20:02:23,176 [WARN] DbBoards:127 - board NUCLEO-H753ZI has no document id list !
2024-03-01 20:02:23,176 [WARN] DbBoards:127 - board NUCLEO-H755ZI-Q has no document id list !
2024-03-01 20:02:23,176 [WARN] DbBoards:127 - board NUCLEO-H7A3ZI-Q has no document id list !
2024-03-01 20:02:23,176 [WARN] DbBoards:127 - board NUCLEO-L010RB has no document id list !
2024-03-01 20:02:23,176 [WARN] DbBoards:127 - board NUCLEO-L011K4 has no document id list !
2024-03-01 20:02:23,177 [WARN] DbBoards:127 - board NUCLEO-L031K6 has no document id list !
2024-03-01 20:02:23,177 [WARN] DbBoards:127 - board NUCLEO-L053R8 has no document id list !
2024-03-01 20:02:23,177 [WARN] DbBoards:127 - board NUCLEO-L073RZ has no document id list !
2024-03-01 20:02:23,177 [WARN] DbBoards:127 - board NUCLEO-L152RE has no document id list !
2024-03-01 20:02:23,177 [WARN] DbBoards:127 - board NUCLEO-L412KB has no document id list !
2024-03-01 20:02:23,177 [WARN] DbBoards:127 - board NUCLEO-L412RB-P has no document id list !
2024-03-01 20:02:23,177 [WARN] DbBoards:127 - board NUCLEO-L432KC has no document id list !
2024-03-01 20:02:23,177 [WARN] DbBoards:127 - board NUCLEO-L433RC-P has no document id list !
2024-03-01 20:02:23,177 [WARN] DbBoards:127 - board NUCLEO-L452RE has no document id list !
2024-03-01 20:02:23,177 [WARN] DbBoards:127 - board NUCLEO-L452RE-P has no document id list !
2024-03-01 20:02:23,177 [WARN] DbBoards:127 - board NUCLEO-L476RG has no document id list !
2024-03-01 20:02:23,177 [WARN] DbBoards:127 - board NUCLEO-L496ZG has no document id list !
2024-03-01 20:02:23,177 [WARN] DbBoards:127 - board NUCLEO-L496ZG-P has no document id list !
2024-03-01 20:02:23,177 [WARN] DbBoards:127 - board NUCLEO-L4P5ZG has no document id list !
2024-03-01 20:02:23,177 [WARN] DbBoards:127 - board NUCLEO-L4R5ZI has no document id list !
2024-03-01 20:02:23,178 [WARN] DbBoards:127 - board NUCLEO-L4R5ZI-P has no document id list !
2024-03-01 20:02:23,178 [WARN] DbBoards:127 - board NUCLEO-L552ZE-Q has no document id list !
2024-03-01 20:02:23,178 [WARN] DbBoards:127 - board NUCLEO-WB55RG has no document id list !
2024-03-01 20:02:23,178 [WARN] DbBoards:127 - board P-NUCLEO-WB55 has no document id list !
2024-03-01 20:02:23,178 [WARN] DbBoards:127 - board P-NUCLEO-WB55-Nucleo has no document id list !
2024-03-01 20:02:23,178 [WARN] DbBoards:127 - board P-NUCLEO-WB55-USBDongle has no document id list !
2024-03-01 20:02:23,178 [WARN] DbBoards:127 - board STEVAL-BFA001V1B has no document id list !
2024-03-01 20:02:23,178 [WARN] DbBoards:127 - board STEVAL-BFA001V2B has no document id list !
2024-03-01 20:02:23,178 [WARN] DbBoards:127 - board STEVAL-IDP005V1 has no document id list !
2024-03-01 20:02:23,178 [WARN] DbBoards:127 - board STEVAL-IDP005V2 has no document id list !
2024-03-01 20:02:23,178 [WARN] DbBoards:127 - board STEVAL-MKSBOX1V1 has no document id list !
2024-03-01 20:02:23,178 [WARN] DbBoards:127 - board STEVAL-STWINKT1 has no document id list !
2024-03-01 20:02:23,178 [WARN] DbBoards:127 - board STM32072B-EVAL has no document id list !
2024-03-01 20:02:23,178 [WARN] DbBoards:127 - board STM32091C-EVAL has no document id list !
2024-03-01 20:02:23,178 [WARN] DbBoards:127 - board STM32100E-EVAL has no document id list !
2024-03-01 20:02:23,178 [WARN] DbBoards:127 - board STM3210C-EVAL has no document id list !
2024-03-01 20:02:23,178 [WARN] DbBoards:127 - board STM3210E-EVAL has no document id list !
2024-03-01 20:02:23,178 [WARN] DbBoards:127 - board STM3220G-EVAL has no document id list !
2024-03-01 20:02:23,178 [WARN] DbBoards:127 - board STM3221G-EVAL has no document id list !
2024-03-01 20:02:23,178 [WARN] DbBoards:127 - board STM32303C-EVAL has no document id list !
2024-03-01 20:02:23,178 [WARN] DbBoards:127 - board STM32303E-EVAL has no document id list !
2024-03-01 20:02:23,179 [WARN] DbBoards:127 - board STM32373C-EVAL has no document id list !
2024-03-01 20:02:23,179 [WARN] DbBoards:127 - board STM3240G-EVAL has no document id list !
2024-03-01 20:02:23,179 [WARN] DbBoards:127 - board STM3241G-EVAL has no document id list !
2024-03-01 20:02:23,179 [WARN] DbBoards:127 - board STM32429I-EVAL1 has no document id list !
2024-03-01 20:02:23,179 [WARN] DbBoards:127 - board STM32439I-EVAL2 has no document id list !
2024-03-01 20:02:23,179 [WARN] DbBoards:127 - board STM32446E-EVAL has no document id list !
2024-03-01 20:02:23,179 [WARN] DbBoards:127 - board STM32469I-EVAL has no document id list !
2024-03-01 20:02:23,179 [WARN] DbBoards:127 - board STM32479I-EVAL has no document id list !
2024-03-01 20:02:23,179 [WARN] DbBoards:127 - board STM32746G-EVAL2 has no document id list !
2024-03-01 20:02:23,179 [WARN] DbBoards:127 - board STM32756G-EVAL2 has no document id list !
2024-03-01 20:02:23,179 [WARN] DbBoards:127 - board STM32F0308-DISCO has no document id list !
2024-03-01 20:02:23,179 [WARN] DbBoards:127 - board STM32F072B-DISCO has no document id list !
2024-03-01 20:02:23,179 [WARN] DbBoards:127 - board STM32F0DISCOVERY has no document id list !
2024-03-01 20:02:23,179 [WARN] DbBoards:127 - board STM32F3348-DISCO has no document id list !
2024-03-01 20:02:23,179 [WARN] DbBoards:127 - board STM32F3DISCOVERY has no document id list !
2024-03-01 20:02:23,179 [WARN] DbBoards:127 - board STM32F401C-DISCO has no document id list !
2024-03-01 20:02:23,179 [WARN] DbBoards:127 - board STM32F407G-DISC1 has no document id list !
2024-03-01 20:02:23,180 [WARN] DbBoards:127 - board STM32F411E-DISCO has no document id list !
2024-03-01 20:02:23,180 [WARN] DbBoards:127 - board STM32F412G-DISCO has no document id list !
2024-03-01 20:02:23,180 [WARN] DbBoards:127 - board STM32F413H-DISCO has no document id list !
2024-03-01 20:02:23,180 [WARN] DbBoards:127 - board STM32F429I-DISC1 has no document id list !
2024-03-01 20:02:23,180 [WARN] DbBoards:127 - board STM32F469I-DISCO has no document id list !
2024-03-01 20:02:23,180 [WARN] DbBoards:127 - board STM32F723E-DISCO has no document id list !
2024-03-01 20:02:23,180 [WARN] DbBoards:127 - board STM32F7308-DK has no document id list !
2024-03-01 20:02:23,180 [WARN] DbBoards:127 - board STM32F746G-DISCO has no document id list !
2024-03-01 20:02:23,180 [WARN] DbBoards:127 - board STM32F7508-DK has no document id list !
2024-03-01 20:02:23,180 [WARN] DbBoards:127 - board STM32F769I-DISC1 has no document id list !
2024-03-01 20:02:23,180 [WARN] DbBoards:127 - board STM32F769I-DISCO has no document id list !
2024-03-01 20:02:23,180 [WARN] DbBoards:127 - board STM32F769I-EVAL has no document id list !
2024-03-01 20:02:23,180 [WARN] DbBoards:127 - board STM32F779I-EVAL has no document id list !
2024-03-01 20:02:23,180 [WARN] DbBoards:127 - board STM32G0316-DISCO has no document id list !
2024-03-01 20:02:23,180 [WARN] DbBoards:127 - board STM32G071B-DISCO has no document id list !
2024-03-01 20:02:23,180 [WARN] DbBoards:127 - board STM32G081B-EVAL has no document id list !
2024-03-01 20:02:23,180 [WARN] DbBoards:127 - board STM32G474E-EVAL has no document id list !
2024-03-01 20:02:23,181 [WARN] DbBoards:127 - board STM32G474E-EVAL1 has no document id list !
2024-03-01 20:02:23,181 [WARN] DbBoards:127 - board STM32G484E-EVAL has no document id list !
2024-03-01 20:02:23,181 [WARN] DbBoards:127 - board STM32H735G-DK has no document id list !
2024-03-01 20:02:23,181 [WARN] DbBoards:127 - board STM32H743I-EVAL has no document id list !
2024-03-01 20:02:23,181 [WARN] DbBoards:127 - board STM32H743I-EVAL2 has no document id list !
2024-03-01 20:02:23,181 [WARN] DbBoards:127 - board STM32H745I-DISCO has no document id list !
2024-03-01 20:02:23,181 [WARN] DbBoards:127 - board STM32H747I-DISC1 has no document id list !
2024-03-01 20:02:23,181 [WARN] DbBoards:127 - board STM32H747I-DISCO has no document id list !
2024-03-01 20:02:23,181 [WARN] DbBoards:127 - board STM32H747I-EVAL has no document id list !
2024-03-01 20:02:23,181 [WARN] DbBoards:127 - board STM32H750B-DK has no document id list !
2024-03-01 20:02:23,181 [WARN] DbBoards:127 - board STM32H753I-EVAL has no document id list !
2024-03-01 20:02:23,181 [WARN] DbBoards:127 - board STM32H753I-EVAL2 has no document id list !
2024-03-01 20:02:23,181 [WARN] DbBoards:127 - board STM32H757I-EVAL has no document id list !
2024-03-01 20:02:23,181 [WARN] DbBoards:127 - board STM32H7B3I-DK has no document id list !
2024-03-01 20:02:23,181 [WARN] DbBoards:127 - board STM32H7B3I-EVAL has no document id list !
2024-03-01 20:02:23,181 [WARN] DbBoards:127 - board STM32L-DISCOVERY has no document id list !
2024-03-01 20:02:23,182 [WARN] DbBoards:127 - board STM32L0538-DISCO has no document id list !
2024-03-01 20:02:23,182 [WARN] DbBoards:127 - board STM32L073Z-EVAL has no document id list !
2024-03-01 20:02:23,182 [WARN] DbBoards:127 - board STM32L100C-DISCO has no document id list !
2024-03-01 20:02:23,182 [WARN] DbBoards:127 - board STM32L152C-DISCO has no document id list !
2024-03-01 20:02:23,182 [WARN] DbBoards:127 - board STM32L152D-EVAL has no document id list !
2024-03-01 20:02:23,182 [WARN] DbBoards:127 - board STM32L476G-DISCO has no document id list !
2024-03-01 20:02:23,182 [WARN] DbBoards:127 - board STM32L476G-EVAL has no document id list !
2024-03-01 20:02:23,182 [WARN] DbBoards:127 - board STM32L496G-DISCO has no document id list !
2024-03-01 20:02:23,182 [WARN] DbBoards:127 - board STM32L4P5G-DK has no document id list !
2024-03-01 20:02:23,182 [WARN] DbBoards:127 - board STM32L4R9I-DISCO has no document id list !
2024-03-01 20:02:23,182 [WARN] DbBoards:127 - board STM32L4R9I-EVAL has no document id list !
2024-03-01 20:02:23,182 [WARN] DbBoards:127 - board STM32L552E-EV has no document id list !
2024-03-01 20:02:23,182 [WARN] DbBoards:127 - board STM32L562E-DK has no document id list !
2024-03-01 20:02:23,182 [WARN] DbBoards:127 - board STM32MP157A-DK1 has no document id list !
2024-03-01 20:02:23,182 [WARN] DbBoards:127 - board STM32MP157A-EV1 has no document id list !
2024-03-01 20:02:23,182 [WARN] DbBoards:127 - board STM32MP157C-DK2 has no document id list !
2024-03-01 20:02:23,183 [WARN] DbBoards:127 - board STM32MP157C-EV1 has no document id list !
2024-03-01 20:02:23,183 [WARN] DbBoards:127 - board STM32MP157F-EV1 has no document id list !
2024-03-01 20:02:23,183 [WARN] DbBoards:127 - board STM32VLDISCOVERY has no document id list !
2024-03-01 20:02:23,282 [ERROR] DbBoards:192 - No image file URL for board B-L462E-CELL1
2024-03-01 20:02:23,598 [WARN] MainUpdater:1087 - Updater busy. Cannot search thirdparties
2024-03-01 20:02:24,819 [INFO] ApiDb:201 - Load user favorites file C:\Users\abdal/.stm32cubeide/favorites.boards.txt: 0 item(s)
2024-03-01 20:02:24,819 [INFO] ApiDb:205 - User favorites Boards=[]
2024-03-01 20:02:24,820 [INFO] DbBoards:206 - Set 0 / 0 favorites Boards
2024-03-01 20:02:24,942 [ERROR] DbBoardsDocs:83 - No boards documents found !
2024-03-01 20:02:24,942 [INFO] ApiDb:226 - Save user favorites file C:\Users\abdal/.stm32cubeide/favorites.boards.txt: 0 item(s)
2024-03-01 20:02:24,942 [INFO] ApiDb:230 - User favorites Boards=[]
2024-03-01 20:02:24,946 [INFO] DbBoardsPdsc:94 - Found 23 items
2024-03-01 20:02:24,948 [INFO] DbBoardsPdsc:94 - Found 9 items
2024-03-01 20:02:24,951 [INFO] DbBoardsPdsc:94 - Found 29 items
2024-03-01 20:02:24,953 [INFO] DbBoardsPdsc:94 - Found 1 items
2024-03-01 20:02:24,956 [INFO] DbBoardsPdsc:94 - Found 44 items
2024-03-01 20:02:24,960 [INFO] DbBoardsPdsc:94 - Found 40 items
2024-03-01 20:02:24,962 [INFO] DbBoardsPdsc:94 - Found 2 items
2024-03-01 20:02:24,963 [INFO] DbBoardsPdsc:94 - Found 4 items
2024-03-01 20:02:24,965 [WARN] DbBoardsPdsc:258 - Board STM32H7B3I-DK: unknown feature type=Audio, name=, username=Audio stereo codec with Headphone Amp (CS42L51-CNZ), n=1
2024-03-01 20:02:24,966 [WARN] DbBoardsPdsc:258 - Board STM32H735G-DK: unknown feature type=Audio, name=, username=Audio stereo codec with Headphone Amp (WM8994ECS/R), n=1
2024-03-01 20:02:24,967 [WARN] DbBoardsPdsc:258 - Board STM32H7B3I-EVAL: unknown feature type=Audio, name=, username=Multi-Channel Audio Codec (CS42L51-CNZ), n=1
2024-03-01 20:02:24,967 [WARN] DbBoardsPdsc:258 - Board STM32H7B3I-EVAL: unknown feature type=Meter, name=, username=Power-metering and Temperature-monitoring with sigma-delta modulators, n=1
2024-03-01 20:02:24,967 [WARN] DbBoardsPdsc:258 - Board STM32H7B3I-EVAL: unknown feature type=Motor, name=, username=Motor Control, n=1
2024-03-01 20:02:25,015 [INFO] DbBoardsJson:85 - JSON generation date=Tue Nov 16 18:17:54 EET 2021 (1637079474)
2024-03-01 20:02:25,021 [INFO] DbBoards:117 - Found 166 boards (149 are supported by CubeMX)
2024-03-01 20:02:25,023 [INFO] DbBoardsDocs:145 - JSON generation date=Tue Nov 16 18:17:54 EET 2021 (1637079474)
2024-03-01 20:02:25,026 [INFO] DbBoardsDocs:81 - Found 209 boards documents
2024-03-01 20:02:25,027 [WARN] DbBoards:127 - board B-L475E-IOT01A2 has no document id list !
2024-03-01 20:02:25,027 [WARN] DbBoards:127 - board NUCLEO-H743ZI has no document id list !
2024-03-01 20:02:25,028 [WARN] DbBoards:127 - board P-NUCLEO-WB55-Nucleo has no document id list !
2024-03-01 20:02:25,028 [WARN] DbBoards:127 - board P-NUCLEO-WB55-USBDongle has no document id list !
2024-03-01 20:02:25,028 [WARN] DbBoards:127 - board STEVAL-BFA001V1B has no document id list !
2024-03-01 20:02:25,028 [WARN] DbBoards:127 - board STEVAL-BFA001V2B has no document id list !
2024-03-01 20:02:25,028 [WARN] DbBoards:127 - board STEVAL-IDP005V1 has no document id list !
2024-03-01 20:02:25,028 [WARN] DbBoards:127 - board STEVAL-IDP005V2 has no document id list !
2024-03-01 20:02:25,028 [WARN] DbBoards:127 - board STEVAL-MKSBOX1V1 has no document id list !
2024-03-01 20:02:25,028 [WARN] DbBoards:127 - board STEVAL-STWINKT1 has no document id list !
2024-03-01 20:02:25,028 [WARN] DbBoards:127 - board STEVAL-STWINKT1B has no document id list !
2024-03-01 20:02:25,028 [WARN] DbBoards:127 - board STM32439I-EVAL2 has no document id list !
2024-03-01 20:02:25,028 [WARN] DbBoards:127 - board STM32F401C-DISCO has no document id list !
2024-03-01 20:02:25,028 [WARN] DbBoards:127 - board STM32F769I-DISC1 has no document id list !
2024-03-01 20:02:25,029 [WARN] DbBoards:127 - board STM32G474E-EVAL1 has no document id list !
2024-03-01 20:02:25,029 [WARN] DbBoards:127 - board STM32H743I-EVAL2 has no document id list !
2024-03-01 20:02:25,029 [WARN] DbBoards:127 - board STM32H747I-DISC1 has no document id list !
2024-03-01 20:02:25,029 [WARN] DbBoards:127 - board STM32H753I-EVAL2 has no document id list !
2024-03-01 20:02:25,029 [WARN] DbBoards:127 - board STM32L-DISCOVERY has no document id list !
2024-03-01 20:02:25,055 [ERROR] DbBoards:189 - Image file not found for board B-L462E-CELL1: D:\ST\STM32CubeIDE_1.4.0\STM32CubeIDE\plugins\com.st.stm32cube.common.mx_6.0.0.202007160824\\db\/plugins/mcufinder/images/boards/B-L462E-CELL1_small.jpg
2024-03-01 20:02:25,076 [ERROR] DbBoards:189 - Image file not found for board B-U585I-IOT02A: D:\ST\STM32CubeIDE_1.4.0\STM32CubeIDE\plugins\com.st.stm32cube.common.mx_6.0.0.202007160824\\db\/plugins/mcufinder/images/boards/B-U585I-IOT02A_small.jpg
2024-03-01 20:02:25,132 [ERROR] DbBoards:189 - Image file not found for board NUCLEO-F413ZH: D:\ST\STM32CubeIDE_1.4.0\STM32CubeIDE\plugins\com.st.stm32cube.common.mx_6.0.0.202007160824\\db\/plugins/mcufinder/images/boards/nucleo-f413zh_small.jpg
2024-03-01 20:02:25,286 [ERROR] DbBoards:189 - Image file not found for board NUCLEO-L552ZE-Q: D:\ST\STM32CubeIDE_1.4.0\STM32CubeIDE\plugins\com.st.stm32cube.common.mx_6.0.0.202007160824\\db\/plugins/mcufinder/images/boards/nucleo_l552ze_q_small.jpg
2024-03-01 20:02:25,286 [ERROR] DbBoards:189 - Image file not found for board NUCLEO-U575ZI-Q: D:\ST\STM32CubeIDE_1.4.0\STM32CubeIDE\plugins\com.st.stm32cube.common.mx_6.0.0.202007160824\\db\/plugins/mcufinder/images/boards/nucleo-u575zi-q_small.jpg
2024-03-01 20:02:25,286 [ERROR] DbBoards:189 - Image file not found for board NUCLEO-WB15CC: D:\ST\STM32CubeIDE_1.4.0\STM32CubeIDE\plugins\com.st.stm32cube.common.mx_6.0.0.202007160824\\db\/plugins/mcufinder/images/boards/nucleo-wb15cc_small.jpg
2024-03-01 20:02:25,286 [ERROR] DbBoards:189 - Image file not found for board NUCLEO-WB55RG: D:\ST\STM32CubeIDE_1.4.0\STM32CubeIDE\plugins\com.st.stm32cube.common.mx_6.0.0.202007160824\\db\/plugins/mcufinder/images/boards/nucleo-wb55rg_small.jpg
2024-03-01 20:02:25,286 [ERROR] DbBoards:189 - Image file not found for board NUCLEO-WL55JC: D:\ST\STM32CubeIDE_1.4.0\STM32CubeIDE\plugins\com.st.stm32cube.common.mx_6.0.0.202007160824\\db\/plugins/mcufinder/images/boards/nucleo-wl55jc-small.jpg
2024-03-01 20:02:25,362 [ERROR] DbBoards:189 - Image file not found for board STEVAL-STWINKT1B: D:\ST\STM32CubeIDE_1.4.0\STM32CubeIDE\plugins\com.st.stm32cube.common.mx_6.0.0.202007160824\\db\/plugins/mcufinder/images/boards/steval-stwinkt1b_small.jpg
2024-03-01 20:02:25,555 [ERROR] DbBoards:189 - Image file not found for board STM32G0C1E-EV: D:\ST\STM32CubeIDE_1.4.0\STM32CubeIDE\plugins\com.st.stm32cube.common.mx_6.0.0.202007160824\\db\/plugins/mcufinder/images/boards/stm32g0c1e-eval_small.jpg
2024-03-01 20:02:25,617 [ERROR] DbBoards:189 - Image file not found for board STM32H7B3I-EVAL: D:\ST\STM32CubeIDE_1.4.0\STM32CubeIDE\plugins\com.st.stm32cube.common.mx_6.0.0.202007160824\\db\/plugins/mcufinder/images/boards/stm32h7b3ieval_small.jpg
2024-03-01 20:02:25,720 [ERROR] DbBoards:189 - Image file not found for board STM32U575I-EV: D:\ST\STM32CubeIDE_1.4.0\STM32CubeIDE\plugins\com.st.stm32cube.common.mx_6.0.0.202007160824\\db\/plugins/mcufinder/images/boards/stm32u575i-ev_small.jpg
2024-03-01 20:02:25,732 [ERROR] DbBoards:189 - Image file not found for board STM32WB5MM-DK: D:\ST\STM32CubeIDE_1.4.0\STM32CubeIDE\plugins\com.st.stm32cube.common.mx_6.0.0.202007160824\\db\/plugins/mcufinder/images/boards/STM32WB5MM-DK_small.jpg
2024-03-01 20:02:25,733 [INFO] ApiDb:201 - Load user favorites file C:\Users\abdal/.stm32cubeide/favorites.boards.txt: 0 item(s)
2024-03-01 20:02:25,734 [INFO] ApiDb:205 - User favorites Boards=[]
2024-03-01 20:02:25,734 [INFO] DbBoards:206 - Set 0 / 0 favorites Boards
2024-03-01 20:02:25,814 [ERROR] MultiScanPanel:793 - Unable to refresh data
2024-03-01 20:02:25,815 [INFO] McuFilterPanel:245 - Update 0 favorites MCUs
2024-03-01 20:02:26,599 [WARN] MainUpdater:1087 - Updater busy. Cannot search thirdparties
2024-03-01 20:02:27,817 [INFO] ServerAccessManage:348 - Download File STMicroelectronics.X-CUBE-NFC6.pdsc
2024-03-01 20:02:28,764 [INFO] ServerAccessManage:348 - Download File STMicroelectronics.X-CUBE-TOF1.pdsc
2024-03-01 20:02:29,600 [WARN] MainUpdater:1087 - Updater busy. Cannot search thirdparties
2024-03-01 20:02:31,884 [ERROR] ServerAccessManage:947 - Problem, file not found on Server
2024-03-01 20:02:32,605 [WARN] MainUpdater:1087 - Updater busy. Cannot search thirdparties
2024-03-01 20:02:34,881 [INFO] ServerAccessManage:348 - Download File STMicroelectronics.X-CUBE-TOUCHGFX.pdsc
2024-03-01 20:02:35,621 [WARN] MainUpdater:1087 - Updater busy. Cannot search thirdparties
2024-03-01 20:02:38,623 [WARN] MainUpdater:1087 - Updater busy. Cannot search thirdparties
2024-03-01 20:02:41,638 [WARN] MainUpdater:1087 - Updater busy. Cannot search thirdparties
2024-03-01 20:02:44,656 [ERROR] IntegrityCheckThread:67 - Unexpected exception IntegrityCheckThread Thread:
2024-03-01 20:02:44,656 [ERROR] IntegrityCheckThread:70 - java.lang.Exception: Updater error
	at com.st.microxplorer.plugins.thirdparty.engine.IntegrityCheckThread.getUpdaterThirdPartyList(IntegrityCheckThread.java:296)
	at com.st.microxplorer.plugins.thirdparty.engine.IntegrityCheckThread.runProcess(IntegrityCheckThread.java:84)
	at com.st.microxplorer.plugins.thirdparty.engine.IntegrityCheckThread.run(IntegrityCheckThread.java:65)

2024-03-01 20:02:44,657 [INFO] ThirdPartyDb:299 - Save Third Party DataBase File (C:/Users/abdal/.stm32cubemx/plugins/thirdparty/db/thirdparties_db.xml) [forced]
2024-03-01 20:02:44,712 [INFO] IntegrityCheckThread:76 - exiting critical section [integrity check]
2024-03-01 20:02:44,712 [INFO] IntegrityCheckThread:79 - End integrity checks thread
2024-03-01 20:02:45,150 [INFO] ServerAccessManage:348 - Download File STMicroelectronics.X-CUBE-AZRTOS-H7.pdsc
2024-03-01 20:02:49,103 [ERROR] ServerAccessManage:954 - Problem, Http access forbiden
2024-03-01 20:02:49,108 [ERROR] ServerAccessManage:517 - Problem, Http access forbiden : RoweBots.I-CUBE-UNISONRTOS.pdsc.
2024-03-01 20:02:51,609 [INFO] ServerAccessManage:348 - Download File ITTIA_DB.I-CUBE-ITTIADB.pdsc
2024-03-01 20:03:01,182 [INFO] ServerAccessManage:348 - Download File Infineon.AIROC-Wi-Fi-Bluetooth-STM32.pdsc
2024-03-01 20:03:03,619 [WARN] PopulateThirdPartyThread:96 - Error when creating pack: C:/Users/abdal/.stm32cubemx/thirdparties/pdsc/STMicroelectronics.FP-SNS-MOTENVWB1.pdsc
2024-03-01 20:03:03,621 [WARN] PopulateThirdPartyThread:96 - Error when creating pack: C:/Users/abdal/.stm32cubemx/thirdparties/pdsc/STMicroelectronics.FP-SNS-SMARTAG2.pdsc
2024-03-01 20:03:03,625 [WARN] PopulateThirdPartyThread:96 - Error when creating pack: C:/Users/abdal/.stm32cubemx/thirdparties/pdsc/STMicroelectronics.X-CUBE-BLEMGR.pdsc
2024-03-01 20:03:03,656 [INFO] CheckServerUpdateThread:102 - End of CheckServer Thread
2024-03-01 20:03:03,695 [INFO] ThirdPartyDb:299 - Save Third Party DataBase File (C:/Users/abdal/.stm32cubemx/plugins/thirdparty/db/thirdparties_db.xml) [forced]
2024-03-01 20:03:03,725 [WARN] PopulateThirdPartyThread:96 - Error when creating pack: C:/Users/abdal/.stm32cubemx/thirdparties/pdsc/STMicroelectronics.X-CUBE-FREERTOS.pdsc
2024-03-01 20:03:03,731 [INFO] ThirdPartyDb:299 - Save Third Party DataBase File (C:/Users/abdal/.stm32cubemx/plugins/thirdparty/db/thirdparties_db.xml) [forced]
2024-03-01 20:03:04,051 [INFO] ThirdPartyDb:299 - Save Third Party DataBase File (C:/Users/abdal/.stm32cubemx/plugins/thirdparty/db/thirdparties_db.xml) [forced]
2024-03-01 20:03:04,098 [INFO] ThirdPartyDb:299 - Save Third Party DataBase File (C:/Users/abdal/.stm32cubemx/plugins/thirdparty/db/thirdparties_db.xml) [forced]
2024-03-01 20:03:04,144 [WARN] PopulateThirdPartyThread:96 - Error when creating pack: C:/Users/abdal/.stm32cubemx/thirdparties/pdsc/STMicroelectronics.X-CUBE-TOF1.pdsc
2024-03-01 20:03:04,150 [INFO] ThirdPartyDb:299 - Save Third Party DataBase File (C:/Users/abdal/.stm32cubemx/plugins/thirdparty/db/thirdparties_db.xml) [forced]
2024-03-01 20:03:04,272 [INFO] ThirdPartyDb:299 - Save Third Party DataBase File (C:/Users/abdal/.stm32cubemx/plugins/thirdparty/db/thirdparties_db.xml) [forced]
2024-03-01 20:03:04,306 [WARN] PopulateThirdPartyThread:96 - Error when creating pack: C:/Users/abdal/.stm32cubemx/thirdparties/pdsc/ITTIA_DB.I-CUBE-ITTIADB.pdsc
2024-03-01 20:03:04,311 [WARN] PopulateThirdPartyThread:96 - Error when creating pack: C:/Users/abdal/.stm32cubemx/thirdparties/pdsc/Infineon.AIROC-Wi-Fi-Bluetooth-STM32.pdsc
2024-03-01 20:03:04,311 [INFO] PopulateThirdPartyThread:50 - Ending populate Thread
2024-03-01 20:03:04,311 [INFO] ThirdPartyDb:299 - Save Third Party DataBase File (C:/Users/abdal/.stm32cubemx/plugins/thirdparty/db/thirdparties_db.xml) [forced]
2024-03-01 20:03:04,359 [INFO] Engine:289 - softwarePackList size : 49
2024-03-01 20:03:04,368 [INFO] Engine:301 - compute dependency for SwPack FP-ATR-ASTRA1 have been done, and update is requested
2024-03-01 20:03:04,385 [INFO] Engine:301 - compute dependency for SwPack FP-ATR-SIGFOX1 have been done, and update is requested
2024-03-01 20:03:04,398 [INFO] Engine:301 - compute dependency for SwPack X-CUBE-AI have been done, and update is requested
2024-03-01 20:03:04,409 [INFO] Engine:301 - compute dependency for SwPack X-CUBE-ALS have been done, and update is requested
2024-03-01 20:03:04,418 [INFO] Engine:301 - compute dependency for SwPack X-CUBE-BLE1 have been done, and update is requested
2024-03-01 20:03:04,428 [INFO] Engine:301 - compute dependency for SwPack X-CUBE-BLE2 have been done, and update is requested
2024-03-01 20:03:04,442 [INFO] Engine:301 - compute dependency for SwPack X-CUBE-BLEMGR have been done, and update is requested
2024-03-01 20:03:04,457 [INFO] Engine:301 - compute dependency for SwPack X-CUBE-EEPRMA1 have been done, and update is requested
2024-03-01 20:03:04,468 [INFO] Engine:301 - compute dependency for SwPack X-CUBE-GNSS1 have been done, and update is requested
2024-03-01 20:03:04,480 [INFO] Engine:301 - compute dependency for SwPack X-CUBE-ISPU have been done, and update is requested
2024-03-01 20:03:04,955 [INFO] Engine:301 - compute dependency for SwPack X-CUBE-MEMS1 have been done, and update is requested
2024-03-01 20:03:04,970 [INFO] Engine:301 - compute dependency for SwPack X-CUBE-NFC4 have been done, and update is requested
2024-03-01 20:03:04,984 [INFO] Engine:301 - compute dependency for SwPack X-CUBE-NFC7 have been done, and update is requested
2024-03-01 20:03:04,998 [INFO] Engine:301 - compute dependency for SwPack X-CUBE-SFXS2LP1 have been done, and update is requested
2024-03-01 20:03:05,027 [INFO] Engine:301 - compute dependency for SwPack X-CUBE-SUBG2 have been done, and update is requested
2024-03-01 20:03:05,038 [INFO] Engine:305 - compute dependency for SwPack X-CUBE-TOUCHGFX have been done, no update is requested
2024-03-01 20:03:05,040 [INFO] Engine:301 - compute dependency for SwPack X-CUBE-ALGOBUILD have been done, and update is requested
2024-03-01 20:03:05,055 [INFO] Engine:301 - compute dependency for SwPack X-CUBE-AZRTOS-H7 have been done, and update is requested
2024-03-01 20:03:05,071 [INFO] Engine:301 - compute dependency for SwPack X-CUBE-AZRTOS-F4 have been done, and update is requested
2024-03-01 20:03:05,086 [INFO] Engine:301 - compute dependency for SwPack X-CUBE-AZRTOS-F7 have been done, and update is requested
2024-03-01 20:03:05,100 [INFO] Engine:301 - compute dependency for SwPack X-CUBE-AZRTOS-L4 have been done, and update is requested
2024-03-01 20:03:05,111 [ERROR] DependencyParser:1297 - StateRcvOpen_Cte Bad Token : )
2024-03-01 20:03:05,112 [ERROR] DependencyParser:1297 - StateRcvOpen_Cte Bad Token : )
2024-03-01 20:03:05,112 [ERROR] DependencyParser:1297 - StateRcvOpen_Cte Bad Token : )
2024-03-01 20:03:05,112 [ERROR] DependencyParser:1297 - StateRcvOpen_Cte Bad Token : )
2024-03-01 20:03:05,112 [ERROR] DependencyParser:1297 - StateRcvOpen_Cte Bad Token : )
2024-03-01 20:03:05,112 [ERROR] DependencyParser:1297 - StateRcvOpen_Cte Bad Token : )
2024-03-01 20:03:05,112 [ERROR] DependencyParser:1297 - StateRcvOpen_Cte Bad Token : )
2024-03-01 20:03:05,112 [ERROR] DependencyParser:1297 - StateRcvOpen_Cte Bad Token : )
2024-03-01 20:03:05,112 [ERROR] DependencyParser:1297 - StateRcvOpen_Cte Bad Token : )
2024-03-01 20:03:05,112 [ERROR] DependencyParser:1297 - StateRcvOpen_Cte Bad Token : )
2024-03-01 20:03:05,112 [ERROR] DependencyParser:1297 - StateRcvOpen_Cte Bad Token : )
2024-03-01 20:03:05,112 [ERROR] DependencyParser:1297 - StateRcvOpen_Cte Bad Token : )
2024-03-01 20:03:05,112 [ERROR] DependencyParser:1297 - StateRcvOpen_Cte Bad Token : )
2024-03-01 20:03:05,112 [ERROR] DependencyParser:1297 - StateRcvOpen_Cte Bad Token : )
2024-03-01 20:03:05,112 [ERROR] DependencyParser:1297 - StateRcvOpen_Cte Bad Token : )
2024-03-01 20:03:05,112 [ERROR] DependencyParser:1297 - StateRcvOpen_Cte Bad Token : )
2024-03-01 20:03:05,112 [ERROR] DependencyParser:1297 - StateRcvOpen_Cte Bad Token : )
2024-03-01 20:03:05,112 [ERROR] DependencyParser:1297 - StateRcvOpen_Cte Bad Token : )
2024-03-01 20:03:05,112 [ERROR] DependencyParser:1297 - StateRcvOpen_Cte Bad Token : )
2024-03-01 20:03:05,112 [ERROR] DependencyParser:1297 - StateRcvOpen_Cte Bad Token : )
2024-03-01 20:03:05,112 [ERROR] DependencyParser:1297 - StateRcvOpen_Cte Bad Token : )
2024-03-01 20:03:05,112 [ERROR] DependencyParser:1297 - StateRcvOpen_Cte Bad Token : )
2024-03-01 20:03:05,113 [ERROR] DependencyParser:1297 - StateRcvOpen_Cte Bad Token : )
2024-03-01 20:03:05,113 [ERROR] DependencyParser:1297 - StateRcvOpen_Cte Bad Token : )
2024-03-01 20:03:05,113 [ERROR] DependencyParser:1297 - StateRcvOpen_Cte Bad Token : )
2024-03-01 20:03:05,113 [ERROR] DependencyParser:1297 - StateRcvOpen_Cte Bad Token : )
2024-03-01 20:03:05,113 [ERROR] DependencyParser:1297 - StateRcvOpen_Cte Bad Token : )
2024-03-01 20:03:05,113 [ERROR] DependencyParser:1297 - StateRcvOpen_Cte Bad Token : )
2024-03-01 20:03:05,113 [ERROR] DependencyParser:1297 - StateRcvOpen_Cte Bad Token : )
2024-03-01 20:03:05,113 [ERROR] DependencyParser:1297 - StateRcvOpen_Cte Bad Token : )
2024-03-01 20:03:05,113 [ERROR] DependencyParser:1297 - StateRcvOpen_Cte Bad Token : )
2024-03-01 20:03:05,113 [ERROR] DependencyParser:1297 - StateRcvOpen_Cte Bad Token : )
2024-03-01 20:03:05,113 [ERROR] DependencyParser:1297 - StateRcvOpen_Cte Bad Token : )
2024-03-01 20:03:05,113 [ERROR] DependencyParser:1297 - StateRcvOpen_Cte Bad Token : )
2024-03-01 20:03:05,113 [ERROR] DependencyParser:1297 - StateRcvOpen_Cte Bad Token : )
2024-03-01 20:03:05,113 [ERROR] DependencyParser:1297 - StateRcvOpen_Cte Bad Token : )
2024-03-01 20:03:05,113 [ERROR] DependencyParser:1297 - StateRcvOpen_Cte Bad Token : )
2024-03-01 20:03:05,113 [ERROR] DependencyParser:1297 - StateRcvOpen_Cte Bad Token : )
2024-03-01 20:03:05,113 [ERROR] DependencyParser:1297 - StateRcvOpen_Cte Bad Token : )
2024-03-01 20:03:05,113 [ERROR] DependencyParser:1297 - StateRcvOpen_Cte Bad Token : )
2024-03-01 20:03:05,113 [ERROR] DependencyParser:1297 - StateRcvOpen_Cte Bad Token : )
2024-03-01 20:03:05,113 [ERROR] DependencyParser:1297 - StateRcvOpen_Cte Bad Token : )
2024-03-01 20:03:05,113 [ERROR] DependencyParser:1297 - StateRcvOpen_Cte Bad Token : )
2024-03-01 20:03:05,113 [ERROR] DependencyParser:1297 - StateRcvOpen_Cte Bad Token : )
2024-03-01 20:03:05,113 [ERROR] DependencyParser:1297 - StateRcvOpen_Cte Bad Token : )
2024-03-01 20:03:05,113 [ERROR] DependencyParser:1297 - StateRcvOpen_Cte Bad Token : )
2024-03-01 20:03:05,113 [INFO] Engine:305 - compute dependency for SwPack X-CUBE-AZRTOS-L5 have been done, no update is requested
2024-03-01 20:03:05,117 [INFO] Engine:301 - compute dependency for SwPack X-CUBE-AZRTOS-G0 have been done, and update is requested
2024-03-01 20:03:05,131 [INFO] Engine:301 - compute dependency for SwPack X-CUBE-AZRTOS-G4 have been done, and update is requested
2024-03-01 20:03:05,143 [INFO] Engine:301 - compute dependency for SwPack X-CUBE-AZRTOS-WB have been done, and update is requested
2024-03-01 20:03:05,156 [INFO] Engine:301 - compute dependency for SwPack X-CUBE-AZRTOS-WL have been done, and update is requested
2024-03-01 20:03:05,169 [INFO] Engine:301 - compute dependency for SwPack I-CUBE-wolfSSL have been done, and update is requested
2024-03-01 20:03:05,335 [INFO] Engine:301 - compute dependency for SwPack I-CUBE-embOS have been done, and update is requested
2024-03-01 20:03:05,342 [INFO] Engine:301 - compute dependency for SwPack I-Cube-SoM-uGOAL have been done, and update is requested
2024-03-01 20:03:05,350 [INFO] Engine:301 - compute dependency for SwPack I-CUBE-Cesium have been done, and update is requested
2024-03-01 20:03:05,359 [INFO] Engine:305 - compute dependency for SwPack FreeRTOS have been done, no update is requested
2024-03-01 20:03:05,360 [INFO] Engine:305 - compute dependency for SwPack lwIP have been done, no update is requested
2024-03-01 20:03:05,360 [INFO] Engine:305 - compute dependency for SwPack lwIP have been done, no update is requested
2024-03-01 20:03:05,360 [INFO] Engine:305 - compute dependency for SwPack MBEDTLS have been done, no update is requested
2024-03-01 20:03:05,360 [INFO] Engine:305 - compute dependency for SwPack MBEDTLS have been done, no update is requested
2024-03-01 20:03:05,360 [INFO] Engine:305 - compute dependency for SwPack PDM2PCM have been done, no update is requested
2024-03-01 20:03:05,360 [INFO] Engine:305 - compute dependency for SwPack PDM2PCM have been done, no update is requested
2024-03-01 20:03:05,360 [INFO] Engine:305 - compute dependency for SwPack PDM2PCM have been done, no update is requested
2024-03-01 20:03:05,361 [INFO] Engine:305 - compute dependency for SwPack USB_DEVICE have been done, no update is requested
2024-03-01 20:03:05,361 [INFO] Engine:305 - compute dependency for SwPack USB_DEVICE have been done, no update is requested
2024-03-01 20:03:05,361 [INFO] Engine:305 - compute dependency for SwPack USB_DEVICE have been done, no update is requested
2024-03-01 20:03:05,362 [INFO] Engine:305 - compute dependency for SwPack USB_HOST have been done, no update is requested
2024-03-01 20:03:05,362 [INFO] Engine:305 - compute dependency for SwPack USB_HOST have been done, no update is requested
2024-03-01 20:03:05,366 [INFO] Engine:301 - compute dependency for SwPack X-CUBE-EEPRMA1 have been done, and update is requested
2024-03-01 20:03:05,377 [INFO] Engine:301 - compute dependency for SwPack X-CUBE-ISPU have been done, and update is requested
2024-03-01 20:03:05,823 [INFO] Engine:301 - compute dependency for SwPack X-CUBE-MEMS1 have been done, and update is requested
2024-03-01 20:03:05,834 [INFO] Engine:301 - compute dependency for SwPack X-CUBE-NFC6 have been done, and update is requested
2024-03-01 20:03:05,840 [INFO] Engine:305 - compute dependency for SwPack X-CUBE-TOUCHGFX have been done, no update is requested
2024-03-01 20:03:05,846 [INFO] Engine:301 - compute dependency for SwPack X-CUBE-AZRTOS-H7 have been done, and update is requested
2024-03-01 20:03:05,852 [INFO] ThirdPartyDb:299 - Save Third Party DataBase File (C:/Users/abdal/.stm32cubemx/plugins/thirdparty/db/thirdparties_db.xml) [forced]
2024-03-01 20:03:05,874 [INFO] LoadServerUpdatesThread:309 - End of LoadServerUpdate Thread
2024-03-01 20:03:14,862 [INFO] LogOutputStream:76 - [STDOUT_REDIRECT] withoutVersionV1.8.4
2024-03-01 20:03:14,863 [INFO] LogOutputStream:76 - [STDOUT_REDIRECT] withoutVersionV1.8.3
2024-03-01 20:03:14,863 [INFO] LogOutputStream:76 - [STDOUT_REDIRECT] withoutVersionV1.8.2
2024-03-01 20:03:14,864 [INFO] LogOutputStream:76 - [STDOUT_REDIRECT] withoutVersionV1.8.1
2024-03-01 20:03:14,865 [INFO] LogOutputStream:76 - [STDOUT_REDIRECT] withoutVersionV1.8.0
2024-03-01 20:03:19,328 [INFO] ApiDb:226 - Save user favorites file C:\Users\abdal/.stm32cubeide/favorites.mcus.txt: 0 item(s)
2024-03-01 20:03:19,329 [INFO] ApiDb:230 - User favorites MCUs=[]
